This is pdfTeX, Version 3.141592653-2.6-1.40.25 (TeX Live 2023/Debian) (preloaded format=pdflatex 2025.11.12)  13 NOV 2025 19:56
entering extended mode
 restricted \write18 enabled.
 file:line:error style messages enabled.
 %&-line parsing enabled.
**/home/bui-anh-quan/swarm-report/main.tex
(/home/bui-anh-quan/swarm-report/main.tex
LaTeX2e <2023-11-01> patch level 1
L3 programming layer <2024-01-22>
(/usr/share/texlive/texmf-dist/tex/latex/base/article.cls
Document Class: article 2023/05/17 v1.4n Standard LaTeX document class
(/usr/share/texlive/texmf-dist/tex/latex/base/size11.clo
File: size11.clo 2023/05/17 v1.4n Standard LaTeX file (size option)
)
\c@part=\count187
\c@section=\count188
\c@subsection=\count189
\c@subsubsection=\count190
\c@paragraph=\count191
\c@subparagraph=\count192
\c@figure=\count193
\c@table=\count194
\abovecaptionskip=\skip48
\belowcaptionskip=\skip49
\bibindent=\dimen140
) (/usr/share/texlive/texmf-dist/tex/latex/geometry/geometry.sty
Package: geometry 2020/01/02 v5.9 Page Geometry
 (/usr/share/texlive/texmf-dist/tex/latex/graphics/keyval.sty
Package: keyval 2022/05/29 v1.15 key=value parser (DPC)
\KV@toks@=\toks17
) (/usr/share/texlive/texmf-dist/tex/generic/iftex/ifvtex.sty
Package: ifvtex 2019/10/25 v1.7 ifvtex legacy package. Use iftex instead.
 (/usr/share/texlive/texmf-dist/tex/generic/iftex/iftex.sty
Package: iftex 2022/02/03 v1.0f TeX engine tests
))
\Gm@cnth=\count195
\Gm@cntv=\count196
\c@Gm@tempcnt=\count197
\Gm@bindingoffset=\dimen141
\Gm@wd@mp=\dimen142
\Gm@odd@mp=\dimen143
\Gm@even@mp=\dimen144
\Gm@layoutwidth=\dimen145
\Gm@layoutheight=\dimen146
\Gm@layouthoffset=\dimen147
\Gm@layoutvoffset=\dimen148
\Gm@dimlist=\toks18
) (/usr/share/texlive/texmf-dist/tex/latex/amsmath/amsmath.sty
Package: amsmath 2023/05/13 v2.17o AMS math features
\@mathmargin=\skip50

For additional information on amsmath, use the `?' option.
(/usr/share/texlive/texmf-dist/tex/latex/amsmath/amstext.sty
Package: amstext 2021/08/26 v2.01 AMS text
 (/usr/share/texlive/texmf-dist/tex/latex/amsmath/amsgen.sty
File: amsgen.sty 1999/11/30 v2.0 generic functions
\@emptytoks=\toks19
\ex@=\dimen149
)) (/usr/share/texlive/texmf-dist/tex/latex/amsmath/amsbsy.sty
Package: amsbsy 1999/11/29 v1.2d Bold Symbols
\pmbraise@=\dimen150
) (/usr/share/texlive/texmf-dist/tex/latex/amsmath/amsopn.sty
Package: amsopn 2022/04/08 v2.04 operator names
)
\inf@bad=\count198
LaTeX Info: Redefining \frac on input line 234.
\uproot@=\count199
\leftroot@=\count266
LaTeX Info: Redefining \overline on input line 399.
LaTeX Info: Redefining \colon on input line 410.
\classnum@=\count267
\DOTSCASE@=\count268
LaTeX Info: Redefining \ldots on input line 496.
LaTeX Info: Redefining \dots on input line 499.
LaTeX Info: Redefining \cdots on input line 620.
\Mathstrutbox@=\box51
\strutbox@=\box52
LaTeX Info: Redefining \big on input line 722.
LaTeX Info: Redefining \Big on input line 723.
LaTeX Info: Redefining \bigg on input line 724.
LaTeX Info: Redefining \Bigg on input line 725.
\big@size=\dimen151
LaTeX Font Info:    Redeclaring font encoding OML on input line 743.
LaTeX Font Info:    Redeclaring font encoding OMS on input line 744.
\macc@depth=\count269
LaTeX Info: Redefining \bmod on input line 905.
LaTeX Info: Redefining \pmod on input line 910.
LaTeX Info: Redefining \smash on input line 940.
LaTeX Info: Redefining \relbar on input line 970.
LaTeX Info: Redefining \Relbar on input line 971.
\c@MaxMatrixCols=\count270
\dotsspace@=\muskip16
\c@parentequation=\count271
\dspbrk@lvl=\count272
\tag@help=\toks20
\row@=\count273
\column@=\count274
\maxfields@=\count275
\andhelp@=\toks21
\eqnshift@=\dimen152
\alignsep@=\dimen153
\tagshift@=\dimen154
\tagwidth@=\dimen155
\totwidth@=\dimen156
\lineht@=\dimen157
\@envbody=\toks22
\multlinegap=\skip51
\multlinetaggap=\skip52
\mathdisplay@stack=\toks23
LaTeX Info: Redefining \[ on input line 2953.
LaTeX Info: Redefining \] on input line 2954.
) (/usr/share/texlive/texmf-dist/tex/latex/amsfonts/amssymb.sty
Package: amssymb 2013/01/14 v3.01 AMS font symbols
 (/usr/share/texlive/texmf-dist/tex/latex/amsfonts/amsfonts.sty
Package: amsfonts 2013/01/14 v3.01 Basic AMSFonts support
\symAMSa=\mathgroup4
\symAMSb=\mathgroup5
LaTeX Font Info:    Redeclaring math symbol \hbar on input line 98.
LaTeX Font Info:    Overwriting math alphabet `\mathfrak' in version `bold'
(Font)                  U/euf/m/n --> U/euf/b/n on input line 106.
)) (/usr/share/texlive/texmf-dist/tex/latex/algorithms/algorithm.sty
Package: algorithm 2009/08/24 v0.1 Document Style `algorithm' - floating environment
 (/usr/share/texlive/texmf-dist/tex/latex/float/float.sty
Package: float 2001/11/08 v1.3d Float enhancements (AL)
\c@float@type=\count276
\float@exts=\toks24
\float@box=\box53
\@float@everytoks=\toks25
\@floatcapt=\box54
) (/usr/share/texlive/texmf-dist/tex/latex/base/ifthen.sty
Package: ifthen 2022/04/13 v1.1d Standard LaTeX ifthen package (DPC)
)
\@float@every@algorithm=\toks26
\c@algorithm=\count277
) (/usr/share/texlive/texmf-dist/tex/latex/algorithms/algorithmic.sty
Package: algorithmic 2009/08/24 v0.1 Document Style `algorithmic'
\c@ALC@unique=\count278
\c@ALC@line=\count279
\c@ALC@rem=\count280
\c@ALC@depth=\count281
\ALC@tlm=\skip53
\algorithmicindent=\skip54
) (/usr/share/texlive/texmf-dist/tex/latex/base/inputenc.sty
Package: inputenc 2021/02/14 v1.3d Input encoding file
\inpenc@prehook=\toks27
\inpenc@posthook=\toks28
) (/usr/share/texlive/texmf-dist/tex/latex/base/fontenc.sty
Package: fontenc 2021/04/29 v2.0v Standard LaTeX package
 (/usr/share/texlive/texmf-dist/tex/latex/vntex/t5enc.def
File: t5enc.def 2006/11/21 v1.4 Vietnamese T5 encoding
Now handling font encoding T5 ...
... processing UTF-8 mapping file for font encoding T5
 (/usr/share/texlive/texmf-dist/tex/latex/vntex/t5enc.dfu
File: t5enc.dfu 2006/08/19 v1.1 UTF8 support for Vietnamese
   defining Unicode char U+00AB (decimal 171)
   defining Unicode char U+00BB (decimal 187)
   defining Unicode char U+00C0 (decimal 192)
   defining Unicode char U+00C1 (decimal 193)
   defining Unicode char U+00C2 (decimal 194)
   defining Unicode char U+00C3 (decimal 195)
   defining Unicode char U+00C8 (decimal 200)
   defining Unicode char U+00C9 (decimal 201)
   defining Unicode char U+00CA (decimal 202)
   defining Unicode char U+00CC (decimal 204)
   defining Unicode char U+00CD (decimal 205)
   defining Unicode char U+00D2 (decimal 210)
   defining Unicode char U+00D3 (decimal 211)
   defining Unicode char U+00D4 (decimal 212)
   defining Unicode char U+00D5 (decimal 213)
   defining Unicode char U+00D9 (decimal 217)
   defining Unicode char U+00DA (decimal 218)
   defining Unicode char U+00DD (decimal 221)
   defining Unicode char U+00E0 (decimal 224)
   defining Unicode char U+00E1 (decimal 225)
   defining Unicode char U+00E2 (decimal 226)
   defining Unicode char U+00E3 (decimal 227)
   defining Unicode char U+00E8 (decimal 232)
   defining Unicode char U+00E9 (decimal 233)
   defining Unicode char U+00EA (decimal 234)
   defining Unicode char U+00EC (decimal 236)
   defining Unicode char U+00ED (decimal 237)
   defining Unicode char U+00F2 (decimal 242)
   defining Unicode char U+00F3 (decimal 243)
   defining Unicode char U+00F4 (decimal 244)
   defining Unicode char U+00F5 (decimal 245)
   defining Unicode char U+00F9 (decimal 249)
   defining Unicode char U+00FA (decimal 250)
   defining Unicode char U+00FD (decimal 253)
   defining Unicode char U+0102 (decimal 258)
   defining Unicode char U+0103 (decimal 259)
   defining Unicode char U+0110 (decimal 272)
   defining Unicode char U+0111 (decimal 273)
   defining Unicode char U+0128 (decimal 296)
   defining Unicode char U+0129 (decimal 297)
   defining Unicode char U+0131 (decimal 305)
   defining Unicode char U+0168 (decimal 360)
   defining Unicode char U+0169 (decimal 361)
   defining Unicode char U+01A0 (decimal 416)
   defining Unicode char U+01A1 (decimal 417)
   defining Unicode char U+01AF (decimal 431)
   defining Unicode char U+01B0 (decimal 432)
   defining Unicode char U+1EA0 (decimal 7840)
   defining Unicode char U+1EA1 (decimal 7841)
   defining Unicode char U+1EA2 (decimal 7842)
   defining Unicode char U+1EA3 (decimal 7843)
   defining Unicode char U+1EA4 (decimal 7844)
   defining Unicode char U+1EA5 (decimal 7845)
   defining Unicode char U+1EA6 (decimal 7846)
   defining Unicode char U+1EA7 (decimal 7847)
   defining Unicode char U+1EA8 (decimal 7848)
   defining Unicode char U+1EA9 (decimal 7849)
   defining Unicode char U+1EAA (decimal 7850)
   defining Unicode char U+1EAB (decimal 7851)
   defining Unicode char U+1EAC (decimal 7852)
   defining Unicode char U+1EAD (decimal 7853)
   defining Unicode char U+1EAE (decimal 7854)
   defining Unicode char U+1EAF (decimal 7855)
   defining Unicode char U+1EB0 (decimal 7856)
   defining Unicode char U+1EB1 (decimal 7857)
   defining Unicode char U+1EB2 (decimal 7858)
   defining Unicode char U+1EB3 (decimal 7859)
   defining Unicode char U+1EB4 (decimal 7860)
   defining Unicode char U+1EB5 (decimal 7861)
   defining Unicode char U+1EB6 (decimal 7862)
   defining Unicode char U+1EB7 (decimal 7863)
   defining Unicode char U+1EB8 (decimal 7864)
   defining Unicode char U+1EB9 (decimal 7865)
   defining Unicode char U+1EBA (decimal 7866)
   defining Unicode char U+1EBB (decimal 7867)
   defining Unicode char U+1EBC (decimal 7868)
   defining Unicode char U+1EBD (decimal 7869)
   defining Unicode char U+1EBE (decimal 7870)
   defining Unicode char U+1EBF (decimal 7871)
   defining Unicode char U+1EC0 (decimal 7872)
   defining Unicode char U+1EC1 (decimal 7873)
   defining Unicode char U+1EC2 (decimal 7874)
   defining Unicode char U+1EC3 (decimal 7875)
   defining Unicode char U+1EC4 (decimal 7876)
   defining Unicode char U+1EC5 (decimal 7877)
   defining Unicode char U+1EC6 (decimal 7878)
   defining Unicode char U+1EC7 (decimal 7879)
   defining Unicode char U+1EC8 (decimal 7880)
   defining Unicode char U+1EC9 (decimal 7881)
   defining Unicode char U+1ECA (decimal 7882)
   defining Unicode char U+1ECB (decimal 7883)
   defining Unicode char U+1ECC (decimal 7884)
   defining Unicode char U+1ECD (decimal 7885)
   defining Unicode char U+1ECE (decimal 7886)
   defining Unicode char U+1ECF (decimal 7887)
   defining Unicode char U+1ED0 (decimal 7888)
   defining Unicode char U+1ED1 (decimal 7889)
   defining Unicode char U+1ED2 (decimal 7890)
   defining Unicode char U+1ED3 (decimal 7891)
   defining Unicode char U+1ED4 (decimal 7892)
   defining Unicode char U+1ED5 (decimal 7893)
   defining Unicode char U+1ED6 (decimal 7894)
   defining Unicode char U+1ED7 (decimal 7895)
   defining Unicode char U+1ED8 (decimal 7896)
   defining Unicode char U+1ED9 (decimal 7897)
   defining Unicode char U+1EDA (decimal 7898)
   defining Unicode char U+1EDB (decimal 7899)
   defining Unicode char U+1EDC (decimal 7900)
   defining Unicode char U+1EDD (decimal 7901)
   defining Unicode char U+1EDE (decimal 7902)
   defining Unicode char U+1EDF (decimal 7903)
   defining Unicode char U+1EE0 (decimal 7904)
   defining Unicode char U+1EE1 (decimal 7905)
   defining Unicode char U+1EE2 (decimal 7906)
   defining Unicode char U+1EE3 (decimal 7907)
   defining Unicode char U+1EE4 (decimal 7908)
   defining Unicode char U+1EE5 (decimal 7909)
   defining Unicode char U+1EE6 (decimal 7910)
   defining Unicode char U+1EE7 (decimal 7911)
   defining Unicode char U+1EE8 (decimal 7912)
   defining Unicode char U+1EE9 (decimal 7913)
   defining Unicode char U+1EEA (decimal 7914)
   defining Unicode char U+1EEB (decimal 7915)
   defining Unicode char U+1EEC (decimal 7916)
   defining Unicode char U+1EED (decimal 7917)
   defining Unicode char U+1EEE (decimal 7918)
   defining Unicode char U+1EEF (decimal 7919)
   defining Unicode char U+1EF0 (decimal 7920)
   defining Unicode char U+1EF1 (decimal 7921)
   defining Unicode char U+1EF2 (decimal 7922)
   defining Unicode char U+1EF3 (decimal 7923)
   defining Unicode char U+1EF4 (decimal 7924)
   defining Unicode char U+1EF5 (decimal 7925)
   defining Unicode char U+1EF6 (decimal 7926)
   defining Unicode char U+1EF7 (decimal 7927)
   defining Unicode char U+1EF8 (decimal 7928)
   defining Unicode char U+1EF9 (decimal 7929)
   defining Unicode char U+200C (decimal 8204)
   defining Unicode char U+2013 (decimal 8211)
   defining Unicode char U+2014 (decimal 8212)
   defining Unicode char U+2018 (decimal 8216)
   defining Unicode char U+2019 (decimal 8217)
   defining Unicode char U+201A (decimal 8218)
   defining Unicode char U+201C (decimal 8220)
   defining Unicode char U+201D (decimal 8221)
   defining Unicode char U+201E (decimal 8222)
   defining Unicode char U+2030 (decimal 8240)
   defining Unicode char U+2031 (decimal 8241)
   defining Unicode char U+2039 (decimal 8249)
   defining Unicode char U+203A (decimal 8250)
   defining Unicode char U+2423 (decimal 9251)
))
LaTeX Font Info:    Trying to load font information for T5+cmr on input line 112.
 (/usr/share/texlive/texmf-dist/tex/latex/vntex/t5cmr.fd
File: t5cmr.fd 1999/05/25 v2.5h Standard LaTeX font definitions
)) (/usr/share/texlive/texmf-dist/tex/generic/babel/babel.sty
Package: babel 2024/01/07 v24.1 The Babel package
\babel@savecnt=\count282
\U@D=\dimen158
\l@unhyphenated=\language34
 (/usr/share/texlive/texmf-dist/tex/generic/babel/txtbabel.def)
\bbl@readstream=\read2
\bbl@dirlevel=\count283
 (/usr/share/texlive/texmf-dist/tex/generic/babel-vietnamese/vietnamese.ldf
Language: vietnamese 
 Loading definitions for the Vietnamese font encoding (/usr/share/texlive/texmf-dist/tex/latex/vntex/t5enc.def
File: t5enc.def 2006/11/21 v1.4 Vietnamese T5 encoding
LaTeX Font Info:    Redeclaring font encoding T5 on input line 75.
)
Package babel Info: Making " an active character on input line 147.
)) (/usr/share/texlive/texmf-dist/tex/generic/babel/locale/vi/babel-vietnamese.tex
Package babel Info: Importing font and identification data for vietnamese
(babel)             from babel-vi.ini. Reported on input line 11.
) (/usr/share/texlive/texmf-dist/tex/latex/titlesec/titlesec.sty
Package: titlesec 2023/10/27 v2.16 Sectioning titles
\ttl@box=\box55
\beforetitleunit=\skip55
\aftertitleunit=\skip56
\ttl@plus=\dimen159
\ttl@minus=\dimen160
\ttl@toksa=\toks29
\titlewidth=\dimen161
\titlewidthlast=\dimen162
\titlewidthfirst=\dimen163
)
\c@subsubsubsection=\count284
 (/usr/share/texlive/texmf-dist/tex/latex/amscls/amsthm.sty
Package: amsthm 2020/05/29 v2.20.6
\thm@style=\toks30
\thm@bodyfont=\toks31
\thm@headfont=\toks32
\thm@notefont=\toks33
\thm@headpunct=\toks34
\thm@preskip=\skip57
\thm@postskip=\skip58
\thm@headsep=\skip59
\dth@everypar=\toks35
) (/usr/share/texlive/texmf-dist/tex/latex/graphics/graphicx.sty
Package: graphicx 2021/09/16 v1.2d Enhanced LaTeX Graphics (DPC,SPQR)
 (/usr/share/texlive/texmf-dist/tex/latex/graphics/graphics.sty
Package: graphics 2022/03/10 v1.4e Standard LaTeX Graphics (DPC,SPQR)
 (/usr/share/texlive/texmf-dist/tex/latex/graphics/trig.sty
Package: trig 2021/08/11 v1.11 sin cos tan (DPC)
) (/usr/share/texlive/texmf-dist/tex/latex/graphics-cfg/graphics.cfg
File: graphics.cfg 2016/06/04 v1.11 sample graphics configuration
)
Package graphics Info: Driver file: pdftex.def on input line 107.
 (/usr/share/texlive/texmf-dist/tex/latex/graphics-def/pdftex.def
File: pdftex.def 2022/09/22 v1.2b Graphics/color driver for pdftex
))
\Gin@req@height=\dimen164
\Gin@req@width=\dimen165
) (/usr/share/texlive/texmf-dist/tex/latex/caption/caption.sty
Package: caption 2023/08/05 v3.6o Customizing captions (AR)
 (/usr/share/texlive/texmf-dist/tex/latex/caption/caption3.sty
Package: caption3 2023/07/31 v2.4d caption3 kernel (AR)
\caption@tempdima=\dimen166
\captionmargin=\dimen167
\caption@leftmargin=\dimen168
\caption@rightmargin=\dimen169
\caption@width=\dimen170
\caption@indent=\dimen171
\caption@parindent=\dimen172
\caption@hangindent=\dimen173
Package caption Info: Standard document class detected.
)
\c@caption@flags=\count285
\c@continuedfloat=\count286
Package caption Info: float package is loaded.
) (/usr/share/texlive/texmf-dist/tex/latex/hyperref/hyperref.sty
Package: hyperref 2024-01-20 v7.01h Hypertext links for LaTeX
 (/usr/share/texlive/texmf-dist/tex/latex/kvsetkeys/kvsetkeys.sty
Package: kvsetkeys 2022-10-05 v1.19 Key value parser (HO)
) (/usr/share/texlive/texmf-dist/tex/generic/kvdefinekeys/kvdefinekeys.sty
Package: kvdefinekeys 2019-12-19 v1.6 Define keys (HO)
) (/usr/share/texlive/texmf-dist/tex/generic/pdfescape/pdfescape.sty
Package: pdfescape 2019/12/09 v1.15 Implements pdfTeX's escape features (HO)
 (/usr/share/texlive/texmf-dist/tex/generic/ltxcmds/ltxcmds.sty
Package: ltxcmds 2023-12-04 v1.26 LaTeX kernel commands for general use (HO)
) (/usr/share/texlive/texmf-dist/tex/generic/pdftexcmds/pdftexcmds.sty
Package: pdftexcmds 2020-06-27 v0.33 Utility functions of pdfTeX for LuaTeX (HO)
 (/usr/share/texlive/texmf-dist/tex/generic/infwarerr/infwarerr.sty
Package: infwarerr 2019/12/03 v1.5 Providing info/warning/error messages (HO)
)
Package pdftexcmds Info: \pdf@primitive is available.
Package pdftexcmds Info: \pdf@ifprimitive is available.
Package pdftexcmds Info: \pdfdraftmode found.
)) (/usr/share/texlive/texmf-dist/tex/latex/hycolor/hycolor.sty
Package: hycolor 2020-01-27 v1.10 Color options for hyperref/bookmark (HO)
) (/usr/share/texlive/texmf-dist/tex/latex/auxhook/auxhook.sty
Package: auxhook 2019-12-17 v1.6 Hooks for auxiliary files (HO)
) (/usr/share/texlive/texmf-dist/tex/latex/hyperref/nameref.sty
Package: nameref 2023-11-26 v2.56 Cross-referencing by name of section
 (/usr/share/texlive/texmf-dist/tex/latex/refcount/refcount.sty
Package: refcount 2019/12/15 v3.6 Data extraction from label references (HO)
) (/usr/share/texlive/texmf-dist/tex/generic/gettitlestring/gettitlestring.sty
Package: gettitlestring 2019/12/15 v1.6 Cleanup title references (HO)
 (/usr/share/texlive/texmf-dist/tex/latex/kvoptions/kvoptions.sty
Package: kvoptions 2022-06-15 v3.15 Key value format for package options (HO)
))
\c@section@level=\count287
) (/usr/share/texlive/texmf-dist/tex/latex/etoolbox/etoolbox.sty
Package: etoolbox 2020/10/05 v2.5k e-TeX tools for LaTeX (JAW)
\etb@tempcnta=\count288
)
\@linkdim=\dimen174
\Hy@linkcounter=\count289
\Hy@pagecounter=\count290
 (/usr/share/texlive/texmf-dist/tex/latex/hyperref/pd1enc.def
File: pd1enc.def 2024-01-20 v7.01h Hyperref: PDFDocEncoding definition (HO)
Now handling font encoding PD1 ...
... no UTF-8 mapping file for font encoding PD1
) (/usr/share/texlive/texmf-dist/tex/generic/intcalc/intcalc.sty
Package: intcalc 2019/12/15 v1.3 Expandable calculations with integers (HO)
)
\Hy@SavedSpaceFactor=\count291
 (/usr/share/texlive/texmf-dist/tex/latex/hyperref/puenc.def
File: puenc.def 2024-01-20 v7.01h Hyperref: PDF Unicode definition (HO)
Now handling font encoding PU ...
... no UTF-8 mapping file for font encoding PU
)
Package hyperref Info: Hyper figures OFF on input line 4179.
Package hyperref Info: Link nesting OFF on input line 4184.
Package hyperref Info: Hyper index ON on input line 4187.
Package hyperref Info: Plain pages OFF on input line 4194.
Package hyperref Info: Backreferencing OFF on input line 4199.
Package hyperref Info: Implicit mode ON; LaTeX internals redefined.
Package hyperref Info: Bookmarks ON on input line 4446.
\c@Hy@tempcnt=\count292
 (/usr/share/texlive/texmf-dist/tex/latex/url/url.sty
\Urlmuskip=\muskip17
Package: url 2013/09/16  ver 3.4  Verb mode for urls, etc.
)
LaTeX Info: Redefining \url on input line 4784.
\XeTeXLinkMargin=\dimen175
 (/usr/share/texlive/texmf-dist/tex/generic/bitset/bitset.sty
Package: bitset 2019/12/09 v1.3 Handle bit-vector datatype (HO)
 (/usr/share/texlive/texmf-dist/tex/generic/bigintcalc/bigintcalc.sty
Package: bigintcalc 2019/12/15 v1.5 Expandable calculations on big integers (HO)
))
\Fld@menulength=\count293
\Field@Width=\dimen176
\Fld@charsize=\dimen177
Package hyperref Info: Hyper figures OFF on input line 6063.
Package hyperref Info: Link nesting OFF on input line 6068.
Package hyperref Info: Hyper index ON on input line 6071.
Package hyperref Info: backreferencing OFF on input line 6078.
Package hyperref Info: Link coloring OFF on input line 6083.
Package hyperref Info: Link coloring with OCG OFF on input line 6088.
Package hyperref Info: PDF/A mode OFF on input line 6093.
 (/usr/share/texlive/texmf-dist/tex/latex/base/atbegshi-ltx.sty
Package: atbegshi-ltx 2021/01/10 v1.0c Emulation of the original atbegshi
package with kernel methods
)
\Hy@abspage=\count294
\c@Item=\count295
\c@Hfootnote=\count296
)
Package hyperref Info: Driver (autodetected): hpdftex.
 (/usr/share/texlive/texmf-dist/tex/latex/hyperref/hpdftex.def
File: hpdftex.def 2024-01-20 v7.01h Hyperref driver for pdfTeX
 (/usr/share/texlive/texmf-dist/tex/latex/base/atveryend-ltx.sty
Package: atveryend-ltx 2020/08/19 v1.0a Emulation of the original atveryend package
with kernel methods
)
\Fld@listcount=\count297
\c@bookmark@seq@number=\count298
 (/usr/share/texlive/texmf-dist/tex/latex/rerunfilecheck/rerunfilecheck.sty
Package: rerunfilecheck 2022-07-10 v1.10 Rerun checks for auxiliary files (HO)
 (/usr/share/texlive/texmf-dist/tex/generic/uniquecounter/uniquecounter.sty
Package: uniquecounter 2019/12/15 v1.4 Provide unlimited unique counter (HO)
)
Package uniquecounter Info: New unique counter `rerunfilecheck' on input line 285.
)
\Hy@SectionHShift=\skip60
) (/usr/share/texlive/texmf-dist/tex/latex/enumitem/enumitem.sty
Package: enumitem 2019/06/20 v3.9 Customized lists
\labelindent=\skip61
\enit@outerparindent=\dimen178
\enit@toks=\toks36
\enit@inbox=\box56
\enit@count@id=\count299
\enitdp@description=\count300
)
Package hyperref Info: Option `colorlinks' set `true' on input line 44.


Package hyperref Warning: Option `bookmarks' has already been used,
(hyperref)                setting the option has no effect on input line 44.

Package hyperref Info: Option `breaklinks' set `true' on input line 44.
(/usr/share/texlive/texmf-dist/tex/latex/l3backend/l3backend-pdftex.def
File: l3backend-pdftex.def 2024-01-04 L3 backend support: PDF output (pdfTeX)
\l__color_backend_stack_int=\count301
\l__pdf_internal_box=\box57
) (./main.aux)
\openout1 = `main.aux'.

LaTeX Font Info:    Checking defaults for OML/cmm/m/it on input line 52.
LaTeX Font Info:    ... okay on input line 52.
LaTeX Font Info:    Checking defaults for OMS/cmsy/m/n on input line 52.
LaTeX Font Info:    ... okay on input line 52.
LaTeX Font Info:    Checking defaults for OT1/cmr/m/n on input line 52.
LaTeX Font Info:    ... okay on input line 52.
LaTeX Font Info:    Checking defaults for T1/cmr/m/n on input line 52.
LaTeX Font Info:    ... okay on input line 52.
LaTeX Font Info:    Checking defaults for TS1/cmr/m/n on input line 52.
LaTeX Font Info:    ... okay on input line 52.
LaTeX Font Info:    Checking defaults for OMX/cmex/m/n on input line 52.
LaTeX Font Info:    ... okay on input line 52.
LaTeX Font Info:    Checking defaults for U/cmr/m/n on input line 52.
LaTeX Font Info:    ... okay on input line 52.
LaTeX Font Info:    Checking defaults for T5/cmr/m/n on input line 52.
LaTeX Font Info:    ... okay on input line 52.
LaTeX Font Info:    Checking defaults for PD1/pdf/m/n on input line 52.
LaTeX Font Info:    ... okay on input line 52.
LaTeX Font Info:    Checking defaults for PU/pdf/m/n on input line 52.
LaTeX Font Info:    ... okay on input line 52.

*geometry* driver: auto-detecting
*geometry* detected driver: pdftex
*geometry* verbose mode - [ preamble ] result:
* driver: pdftex
* paper: a4paper
* layout: <same size as paper>
* layoutoffset:(h,v)=(0.0pt,0.0pt)
* modes: 
* h-part:(L,W,R)=(72.26999pt, 452.9679pt, 72.26999pt)
* v-part:(T,H,B)=(72.26999pt, 700.50687pt, 72.26999pt)
* \paperwidth=597.50787pt
* \paperheight=845.04684pt
* \textwidth=452.9679pt
* \textheight=700.50687pt
* \oddsidemargin=0.0pt
* \evensidemargin=0.0pt
* \topmargin=-37.0pt
* \headheight=12.0pt
* \headsep=25.0pt
* \topskip=11.0pt
* \footskip=30.0pt
* \marginparwidth=50.0pt
* \marginparsep=10.0pt
* \columnsep=10.0pt
* \skip\footins=10.0pt plus 4.0pt minus 2.0pt
* \hoffset=0.0pt
* \voffset=0.0pt
* \mag=1000
* \@twocolumnfalse
* \@twosidefalse
* \@mparswitchfalse
* \@reversemarginfalse
* (1in=72.27pt=25.4mm, 1cm=28.453pt)

(/usr/share/texlive/texmf-dist/tex/context/base/mkii/supp-pdf.mkii
[Loading MPS to PDF converter (version 2006.09.02).]
\scratchcounter=\count302
\scratchdimen=\dimen179
\scratchbox=\box58
\nofMPsegments=\count303
\nofMParguments=\count304
\everyMPshowfont=\toks37
\MPscratchCnt=\count305
\MPscratchDim=\dimen180
\MPnumerator=\count306
\makeMPintoPDFobject=\count307
\everyMPtoPDFconversion=\toks38
) (/usr/share/texlive/texmf-dist/tex/latex/epstopdf-pkg/epstopdf-base.sty
Package: epstopdf-base 2020-01-24 v2.11 Base part for package epstopdf
Package epstopdf-base Info: Redefining graphics rule for `.eps' on input line 485.
 (/usr/share/texlive/texmf-dist/tex/latex/latexconfig/epstopdf-sys.cfg
File: epstopdf-sys.cfg 2010/07/13 v1.3 Configuration of (r)epstopdf for TeX Live
))
Package caption Info: Begin \AtBeginDocument code.
Package caption Info: hyperref package is loaded.
Package caption Info: End \AtBeginDocument code.
 (/usr/share/texlive/texmf-dist/tex/latex/graphics/color.sty
Package: color 2022/01/06 v1.3d Standard LaTeX Color (DPC)
 (/usr/share/texlive/texmf-dist/tex/latex/graphics-cfg/color.cfg
File: color.cfg 2016/01/02 v1.6 sample color configuration
)
Package color Info: Driver file: pdftex.def on input line 149.
 (/usr/share/texlive/texmf-dist/tex/latex/graphics/mathcolor.ltx))
Package hyperref Info: Link coloring ON on input line 52.
 (./main.out) (./main.out)
\@outlinefile=\write3
\openout3 = `main.out'.

LaTeX Font Info:    Trying to load font information for U+msa on input line 55.
 (/usr/share/texlive/texmf-dist/tex/latex/amsfonts/umsa.fd
File: umsa.fd 2013/01/14 v3.01 AMS symbols A
)
LaTeX Font Info:    Trying to load font information for U+msb on input line 55.
 (/usr/share/texlive/texmf-dist/tex/latex/amsfonts/umsb.fd
File: umsb.fd 2013/01/14 v3.01 AMS symbols B
) (./main.toc [1

{/var/lib/texmf/fonts/map/pdftex/updmap/pdftex.map}])
\tf@toc=\write4
\openout4 = `main.toc'.

 [2] (./sections/introduction.tex) (./sections/ant_colony_optimization.tex [3] [4]
Package hyperref Info: bookmark level for unknown algorithm defaults to 0 on input line 85.
 [5]
LaTeX Font Info:    Trying to load font information for T5+cmtt on input line 121.
 (/usr/share/texlive/texmf-dist/tex/latex/vntex/t5cmtt.fd
File: t5cmtt.fd 1999/05/25 v2.5h Standard LaTeX font definitions
)) (./sections/particle_swarm_optimization.tex [6] [7] [8]) (./sections/artificial_bee_colony.tex [9] [10]) (./sections/firefly_algorithm.tex [11] [12] [13] [14] [15]
Overfull \hbox (5.86777pt too wide) in paragraph at lines 182--183
[]\T5/cmr/m/it/10.95 Mutation\T5/cmr/m/n/10.95 : perturbation tøng chi·u vîi x¡c su§t mutation_rate; c¡c gi¡ trà mutation_rate
 []


Overfull \hbox (23.42209pt too wide) in paragraph at lines 207--208
[]\T5/cmr/m/n/10.95 Di chuyºn câ h÷îng (directed movement) lªt tèi ^^_a mët sè bit méi b÷îc (\T5/cmtt/m/n/10.95 max_flips_per_move\T5/cmr/m/n/10.95 =3)
 []


Overfull \hbox (25.03738pt too wide) in paragraph at lines 218--219
[]\T5/cmr/m/n/10.95 Vîi Rastrigin: méi c§u h¼nh \T5/cmtt/m/n/10.95 quick_convergence \T5/cmr/m/n/10.95 (10D), \T5/cmtt/m/n/10.95 multimodal_escape \T5/cmr/m/n/10.95 (30D), \T5/cmtt/m/n/10.95 scalability
 []

[16]
Overfull \hbox (13.06409pt too wide) in paragraph at lines 230--231
\T5/cmr/m/n/10.95 cüc tiºu ^^_àa ph÷ìng v  mët cüc tiºu to n cöc t¤i $\OT1/cmr/bx/n/10.95 0$ \T5/cmr/m/n/10.95 vîi $\OML/cmm/m/it/10.95 f\OT1/cmr/m/n/10.95 (\OT1/cmr/bx/n/10.95 0\OT1/cmr/m/n/10.95 ) = 0$ \T5/cmr/m/n/10.95 :contentReference[oaicite:2]index=2. 
 []

[17]
<picture/rastrigin_ecdf_quick_convergence.png, id=567, 859.7721pt x 354.123pt>
File: picture/rastrigin_ecdf_quick_convergence.png Graphic file (type png)
<use picture/rastrigin_ecdf_quick_convergence.png>
Package pdftex.def Info: picture/rastrigin_ecdf_quick_convergence.png  used on input line 283.
(pdftex.def)             Requested size: 430.31812pt x 177.23936pt.
 [18 <./picture/rastrigin_ecdf_quick_convergence.png>]
<picture/rastrigin_ecdf_multimodal_escape.png, id=577, 856.3995pt x 354.123pt>
File: picture/rastrigin_ecdf_multimodal_escape.png Graphic file (type png)
<use picture/rastrigin_ecdf_multimodal_escape.png>
Package pdftex.def Info: picture/rastrigin_ecdf_multimodal_escape.png  used on input line 298.
(pdftex.def)             Requested size: 430.31812pt x 177.94182pt.
<picture/rastrigin_ecdf_scalability.png, id=578, 859.7721pt x 353.8821pt>
File: picture/rastrigin_ecdf_scalability.png Graphic file (type png)
<use picture/rastrigin_ecdf_scalability.png>
Package pdftex.def Info: picture/rastrigin_ecdf_scalability.png  used on input line 313.
(pdftex.def)             Requested size: 430.31812pt x 177.11879pt.
 [19 <./picture/rastrigin_ecdf_multimodal_escape.png>]
<picture/rastrigin_fixed_budget_quick_convergence.png, id=586, 859.0494pt x 357.2547pt>
File: picture/rastrigin_fixed_budget_quick_convergence.png Graphic file (type png)
<use picture/rastrigin_fixed_budget_quick_convergence.png>
Package pdftex.def Info: picture/rastrigin_fixed_budget_quick_convergence.png  used on input line 329.
(pdftex.def)             Requested size: 407.66833pt x 169.53964pt.
 [20 <./picture/rastrigin_ecdf_scalability.png> <./picture/rastrigin_fixed_budget_quick_convergence.png>]
<picture/rastrigin_fixed_budget_multimodal_escape.png, id=596, 859.0494pt x 357.2547pt>
File: picture/rastrigin_fixed_budget_multimodal_escape.png Graphic file (type png)
<use picture/rastrigin_fixed_budget_multimodal_escape.png>
Package pdftex.def Info: picture/rastrigin_fixed_budget_multimodal_escape.png  used on input line 344.
(pdftex.def)             Requested size: 407.66833pt x 169.53964pt.
<picture/rastrigin_fixed_budget_scalability.png, id=597, 858.8085pt x 357.2547pt>
File: picture/rastrigin_fixed_budget_scalability.png Graphic file (type png)
<use picture/rastrigin_fixed_budget_scalability.png>
Package pdftex.def Info: picture/rastrigin_fixed_budget_scalability.png  used on input line 359.
(pdftex.def)             Requested size: 407.66833pt x 169.58871pt.
 [21 <./picture/rastrigin_fixed_budget_multimodal_escape.png> <./picture/rastrigin_fixed_budget_scalability.png>]
<picture/rastrigin_ert_bronze.png, id=606, 859.0494pt x 356.0502pt>
File: picture/rastrigin_ert_bronze.png Graphic file (type png)
<use picture/rastrigin_ert_bronze.png>
Package pdftex.def Info: picture/rastrigin_ert_bronze.png  used on input line 377.
(pdftex.def)             Requested size: 430.31812pt x 178.35606pt.
<picture/rastrigin_ert_silver.png, id=607, 859.0494pt x 356.0502pt>
File: picture/rastrigin_ert_silver.png Graphic file (type png)
<use picture/rastrigin_ert_silver.png>
Package pdftex.def Info: picture/rastrigin_ert_silver.png  used on input line 384.
(pdftex.def)             Requested size: 430.31812pt x 178.35606pt.
<picture/rastrigin_ert_gold.png, id=608, 859.0494pt x 356.0502pt>
File: picture/rastrigin_ert_gold.png Graphic file (type png)
<use picture/rastrigin_ert_gold.png>
Package pdftex.def Info: picture/rastrigin_ert_gold.png  used on input line 391.
(pdftex.def)             Requested size: 430.31812pt x 178.35606pt.
 [22 <./picture/rastrigin_ert_bronze.png> <./picture/rastrigin_ert_silver.png>]
<picture/rastrigin_perf_profile.png, id=619, 712.8231pt x 421.3341pt>
File: picture/rastrigin_perf_profile.png Graphic file (type png)
<use picture/rastrigin_perf_profile.png>
Package pdftex.def Info: picture/rastrigin_perf_profile.png  used on input line 406.
(pdftex.def)             Requested size: 385.02547pt x 227.58131pt.
 [23 <./picture/rastrigin_ert_gold.png>]
<picture/rastrigin_data_profile.png, id=626, 714.0276pt x 421.3341pt>
File: picture/rastrigin_data_profile.png Graphic file (type png)
<use picture/rastrigin_data_profile.png>
Package pdftex.def Info: picture/rastrigin_data_profile.png  used on input line 421.
(pdftex.def)             Requested size: 385.02547pt x 227.202pt.
 [24 <./picture/rastrigin_perf_profile.png> <./picture/rastrigin_data_profile.png>]
<picture/rastrigin_diversity_quick_convergence.png, id=637, 1004.553pt x 712.8231pt>
File: picture/rastrigin_diversity_quick_convergence.png Graphic file (type png)
<use picture/rastrigin_diversity_quick_convergence.png>
Package pdftex.def Info: picture/rastrigin_diversity_quick_convergence.png  used on input line 445.
(pdftex.def)             Requested size: 430.31812pt x 305.35503pt.
<picture/rastrigin_diversity_multimodal_escape.png, id=638, 1004.553pt x 712.8231pt>
File: picture/rastrigin_diversity_multimodal_escape.png Graphic file (type png)
<use picture/rastrigin_diversity_multimodal_escape.png>
Package pdftex.def Info: picture/rastrigin_diversity_multimodal_escape.png  used on input line 452.
(pdftex.def)             Requested size: 430.31812pt x 305.35503pt.
 [25 <./picture/rastrigin_diversity_quick_convergence.png>]
<picture/rastrigin_diversity_scalability.png, id=648, 1004.553pt x 712.8231pt>
File: picture/rastrigin_diversity_scalability.png Graphic file (type png)
<use picture/rastrigin_diversity_scalability.png>
Package pdftex.def Info: picture/rastrigin_diversity_scalability.png  used on input line 459.
(pdftex.def)             Requested size: 430.31812pt x 305.35503pt.
 [26 <./picture/rastrigin_diversity_multimodal_escape.png> <./picture/rastrigin_diversity_scalability.png>]
<picture/rastrigin_stagnation_quick_convergence.png, id=658, 1004.3121pt x 357.2547pt>
File: picture/rastrigin_stagnation_quick_convergence.png Graphic file (type png)
<use picture/rastrigin_stagnation_quick_convergence.png>
Package pdftex.def Info: picture/rastrigin_stagnation_quick_convergence.png  used on input line 500.
(pdftex.def)             Requested size: 430.31812pt x 153.07684pt.
 [27]
<picture/rastrigin_stagnation_multimodal_escape.png, id=666, 1004.3121pt x 357.2547pt>
File: picture/rastrigin_stagnation_multimodal_escape.png Graphic file (type png)
<use picture/rastrigin_stagnation_multimodal_escape.png>
Package pdftex.def Info: picture/rastrigin_stagnation_multimodal_escape.png  used on input line 507.
(pdftex.def)             Requested size: 430.31812pt x 153.07684pt.
<picture/rastrigin_stagnation_scalability.png, id=667, 1004.3121pt x 357.2547pt>
File: picture/rastrigin_stagnation_scalability.png Graphic file (type png)
<use picture/rastrigin_stagnation_scalability.png>
Package pdftex.def Info: picture/rastrigin_stagnation_scalability.png  used on input line 514.
(pdftex.def)             Requested size: 430.31812pt x 153.07684pt.
 [28 <./picture/rastrigin_stagnation_quick_convergence.png> <./picture/rastrigin_stagnation_multimodal_escape.png> <./picture/rastrigin_stagnation_scalability.png>]

LaTeX Warning: Reference `subsec:metrics' on page 29 undefined on input line 548.

<picture/knapsack_fixed_budget_Gap_10pct.png, id=676, 1292.4285pt x 357.2547pt>
File: picture/knapsack_fixed_budget_Gap_10pct.png Graphic file (type png)
<use picture/knapsack_fixed_budget_Gap_10pct.png>
Package pdftex.def Info: picture/knapsack_fixed_budget_Gap_10pct.png  used on input line 552.
(pdftex.def)             Requested size: 443.9066pt x 122.70242pt.
<picture/knapsack_fixed_budget_Gap_30pct.png, id=677, 1292.4285pt x 357.2547pt>
File: picture/knapsack_fixed_budget_Gap_30pct.png Graphic file (type png)
<use picture/knapsack_fixed_budget_Gap_30pct.png>
Package pdftex.def Info: picture/knapsack_fixed_budget_Gap_30pct.png  used on input line 559.
(pdftex.def)             Requested size: 443.9066pt x 122.70242pt.
[29 <./picture/knapsack_fixed_budget_Gap_10pct.png>]
<picture/knapsack_fixed_budget_Gap_50pct.png, id=685, 1292.4285pt x 357.2547pt>
File: picture/knapsack_fixed_budget_Gap_50pct.png Graphic file (type png)
<use picture/knapsack_fixed_budget_Gap_50pct.png>
Package pdftex.def Info: picture/knapsack_fixed_budget_Gap_50pct.png  used on input line 566.
(pdftex.def)             Requested size: 443.9066pt x 122.70242pt.
<picture/knapsack_fixed_budget_Gap_100pct.png, id=686, 1292.4285pt x 357.2547pt>
File: picture/knapsack_fixed_budget_Gap_100pct.png Graphic file (type png)
<use picture/knapsack_fixed_budget_Gap_100pct.png>
Package pdftex.def Info: picture/knapsack_fixed_budget_Gap_100pct.png  used on input line 573.
(pdftex.def)             Requested size: 443.9066pt x 122.70242pt.
 [30 <./picture/knapsack_fixed_budget_Gap_30pct.png> <./picture/knapsack_fixed_budget_Gap_50pct.png> <./picture/knapsack_fixed_budget_Gap_100pct.png>]
<picture/knapsack_data_profiles.png, id=698, 714.0276pt x 434.3427pt>
File: picture/knapsack_data_profiles.png Graphic file (type png)
<use picture/knapsack_data_profiles.png>
Package pdftex.def Info: picture/knapsack_data_profiles.png  used on input line 626.
(pdftex.def)             Requested size: 443.9066pt x 270.03197pt.
 [31]

LaTeX Warning: Citation `more2009benchmarking' on page 32 undefined on input line 631.

<picture/knapsack_performance_profiles.png, id=706, 714.0276pt x 434.3427pt>
File: picture/knapsack_performance_profiles.png Graphic file (type png)
<use picture/knapsack_performance_profiles.png>
Package pdftex.def Info: picture/knapsack_performance_profiles.png  used on input line 635.
(pdftex.def)             Requested size: 443.9066pt x 270.03197pt.
[32 <./picture/knapsack_data_profiles.png>]
<picture/knapsack_pairwise_heatmap_overall.png, id=715, 673.3155pt x 577.6782pt>
File: picture/knapsack_pairwise_heatmap_overall.png Graphic file (type png)
<use picture/knapsack_pairwise_heatmap_overall.png>
Package pdftex.def Info: picture/knapsack_pairwise_heatmap_overall.png  used on input line 645.
(pdftex.def)             Requested size: 443.9066pt x 380.85449pt.
 [33 <./picture/knapsack_performance_profiles.png>]
<picture/knapsack_copeland_ranking.png, id=722, 710.1732pt x 426.6339pt>
File: picture/knapsack_copeland_ranking.png Graphic file (type png)
<use picture/knapsack_copeland_ranking.png>
Package pdftex.def Info: picture/knapsack_copeland_ranking.png  used on input line 652.
(pdftex.def)             Requested size: 443.9066pt x 266.67807pt.
 [34 <./picture/knapsack_pairwise_heatmap_overall.png>]

LaTeX Warning: Citation `demvsar2006statistical' on page 35 undefined on input line 657.

<picture/knapsack_pairwise_heatmap_penalty.png, id=731, 674.0382pt x 571.1739pt>
File: picture/knapsack_pairwise_heatmap_penalty.png Graphic file (type png)
<use picture/knapsack_pairwise_heatmap_penalty.png>
Package pdftex.def Info: picture/knapsack_pairwise_heatmap_penalty.png  used on input line 668.
(pdftex.def)             Requested size: 443.9066pt x 376.1654pt.
[35 <./picture/knapsack_copeland_ranking.png>]
<picture/knapsack_pairwise_heatmap_repair.png, id=738, 674.0382pt x 571.1739pt>
File: picture/knapsack_pairwise_heatmap_repair.png Graphic file (type png)
<use picture/knapsack_pairwise_heatmap_repair.png>
Package pdftex.def Info: picture/knapsack_pairwise_heatmap_repair.png  used on input line 675.
(pdftex.def)             Requested size: 443.9066pt x 376.1654pt.
 [36 <./picture/knapsack_pairwise_heatmap_penalty.png>] [37 <./picture/knapsack_pairwise_heatmap_repair.png>]
Overfull \hbox (1.16008pt too wide) in paragraph at lines 734--735
[] []\T5/cmr/bx/n/10.95 Þ ngh¾a v  h¤n ch¸ cõa performance/data profiles khi success rate th§p.[] \T5/cmr/m/n/10.95 Dolan^^UMor²
 []

[38]) (./sections/cuckoo_search.tex [39] [40]) (./sections/genetic_algorithm.tex [41]
<picture/giraffe.png, id=804, 641.39626pt x 639.89063pt>
File: picture/giraffe.png Graphic file (type png)
<use picture/giraffe.png>
Package pdftex.def Info: picture/giraffe.png  used on input line 17.
(pdftex.def)             Requested size: 271.7835pt x 271.1444pt.
 [42 <./picture/giraffe.png>]) (./sections/problems.tex [43]
<picture/tsp.png, id=825, 397.485pt x 258.9675pt>
File: picture/tsp.png Graphic file (type png)
<use picture/tsp.png>
Package pdftex.def Info: picture/tsp.png  used on input line 18.
(pdftex.def)             Requested size: 271.7835pt x 177.07553pt.
 [44 <./picture/tsp.png>] [45]) (./sections/results.tex) (./main.bbl) [46] (./main.aux)
 ***********
LaTeX2e <2023-11-01> patch level 1
L3 programming layer <2024-01-22>
 ***********


LaTeX Warning: There were undefined references.

Package rerunfilecheck Info: File `main.out' has not changed.
(rerunfilecheck)             Checksum: A5BCD47FDAF70F366433838A1F3CC369;14702.
 ) 
Here is how much of TeX's memory you used:
 15007 strings out of 475556
 242053 string characters out of 5782323
 1944975 words of memory out of 5000000
 36597 multiletter control sequences out of 15000+600000
 580715 words of font info for 84 fonts, out of 8000000 for 9000
 331 hyphenation exceptions out of 8191
 75i,9n,79p,1122b,852s stack positions out of 10000i,1000n,20000p,200000b,200000s
</usr/share/texlive/texmf-dist/fonts/type1/public/amsfonts/cm/cmbx10.pfb></usr/share/texlive/texmf-dist/fonts/type1/public/amsfonts/cm/cmex10.pfb></usr/share/texlive/texmf-dist/fonts/type1/public/amsfonts/cm/cmmi10.pfb></usr/share/texlive/texmf-dist/fonts/type1/public/amsfonts/cm/cmmi6.pfb></usr/share/texlive/texmf-dist/fonts/type1/public/amsfonts/cm/cmmi8.pfb></usr/share/texlive/texmf-dist/fonts/type1/public/amsfonts/cm/cmmib10.pfb></usr/share/texlive/texmf-dist/fonts/type1/public/amsfonts/cm/cmr10.pfb></usr/share/texlive/texmf-dist/fonts/type1/public/amsfonts/cm/cmr8.pfb></usr/share/texlive/texmf-dist/fonts/type1/public/amsfonts/cm/cmsy10.pfb></usr/share/texlive/texmf-dist/fonts/type1/public/amsfonts/cm/cmsy8.pfb></usr/share/texlive/texmf-dist/fonts/type1/public/amsfonts/symbols/msbm10.pfb></usr/share/texlive/texmf-dist/fonts/type1/vntex/vnr/vnbx10.pfb></usr/share/texlive/texmf-dist/fonts/type1/vntex/vnr/vnbx12.pfb></usr/share/texlive/texmf-dist/fonts/type1/vntex/vnr/vnbxti10.pfb></usr/share/texlive/texmf-dist/fonts/type1/vntex/vnr/vnr10.pfb></usr/share/texlive/texmf-dist/fonts/type1/vntex/vnr/vnr12.pfb></usr/share/texlive/texmf-dist/fonts/type1/vntex/vnr/vnr17.pfb></usr/share/texlive/texmf-dist/fonts/type1/vntex/vnr/vnr8.pfb></usr/share/texlive/texmf-dist/fonts/type1/vntex/vnr/vnr9.pfb></usr/share/texlive/texmf-dist/fonts/type1/vntex/vnr/vnti10.pfb></usr/share/texlive/texmf-dist/fonts/type1/vntex/vnr/vntt10.pfb>
Output written on main.pdf (46 pages, 5349851 bytes).
PDF statistics:
 1025 PDF objects out of 1200 (max. 8388607)
 868 compressed objects within 9 object streams
 339 named destinations out of 1000 (max. 500000)
 690 words of extra memory for PDF output out of 10000 (max. 10000000)

