\BOOKMARK [1][-]{Doc-Start}{\376\377\000L\036\335\000i\000\040\000m\036\337\000\040\001\021\036\247\000u}{}% 1
\BOOKMARK [1][-]{section.1}{\376\377\000G\000i\036\333\000i\000\040\000t\000h\000i\036\307\000u\000\040\000c\000h\000u\000n\000g}{}% 2
\BOOKMARK [2][-]{subsection.1.1}{\376\377\000T\000h\000u\036\255\000t\000\040\000t\000o\000\341\000n\000\040\000h\000e\000u\000r\000i\000s\000t\000i\000c}{section.1}% 3
\BOOKMARK [2][-]{subsection.1.2}{\376\377\000S\000w\000a\000r\000m\000\040\000i\000n\000t\000e\000l\000l\000i\000g\000e\000n\000c\000e\000\040\000a\000l\000g\000o\000r\000i\000t\000h\000m}{section.1}% 4
\BOOKMARK [1][-]{section.2}{\376\377\000C\000\341\000c\000\040\000t\000h\000u\036\255\000t\000\040\000t\000o\000\341\000n\000\040\000t\000r\000u\000y\036\301\000n\000\040\000t\000h\036\321\000n\000g\000\040\001\021\036\303\000\040\000s\000o\000\040\000s\000\341\000n\000h}{}% 5
\BOOKMARK [2][-]{subsection.2.1}{\376\377\000G\000e\000n\000e\000t\000i\000c\000\040\000A\000l\000g\000o\000r\000i\000t\000h\000m}{section.2}% 6
\BOOKMARK [3][-]{subsubsection.2.1.1}{\376\377\000G\000i\036\333\000i\000\040\000t\000h\000i\036\307\000u\000\040\000c\000h\000u\000n\000g}{subsection.2.1}% 7
\BOOKMARK [3][-]{subsubsection.2.1.2}{\376\377\000C\001\241\000\040\000s\036\337\000\040\000t\000o\000\341\000n\000\040\000h\036\315\000c}{subsection.2.1}% 8
\BOOKMARK [3][-]{subsubsection.2.1.3}{\376\377\000C\000\341\000c\000h\000\040\000h\000o\036\241\000t\000\040\001\021\036\331\000n\000g\000\040\000c\036\347\000a\000\040\000t\000h\000u\036\255\000t\000\040\000t\000o\000\341\000n}{subsection.2.1}% 9
\BOOKMARK [2][-]{subsection.2.2}{\376\377\000H\000i\000l\000l\000\040\000C\000l\000i\000m\000b\000i\000n\000g\000\040\000\050\000S\000t\000e\000e\000p\000e\000s\000t\000\040\000A\000s\000c\000e\000n\000t\000\051}{section.2}% 10
\BOOKMARK [3][-]{subsubsection.2.2.1}{\376\377\000G\000i\036\333\000i\000\040\000t\000h\000i\036\307\000u\000\040\000c\000h\000u\000n\000g}{subsection.2.2}% 11
\BOOKMARK [3][-]{subsubsection.2.2.2}{\376\377\000C\001\241\000\040\000s\036\337\000\040\000t\000o\000\341\000n\000\040\000h\036\315\000c}{subsection.2.2}% 12
\BOOKMARK [3][-]{subsubsection.2.2.3}{\376\377\000C\000\341\000c\000h\000\040\000h\000o\036\241\000t\000\040\001\021\036\331\000n\000g\000\040\000c\036\347\000a\000\040\000t\000h\000u\036\255\000t\000\040\000t\000o\000\341\000n}{subsection.2.2}% 13
\BOOKMARK [2][-]{subsection.2.3}{\376\377\000S\000i\000m\000u\000l\000a\000t\000e\000d\000\040\000A\000n\000n\000e\000a\000l\000i\000n\000g}{section.2}% 14
\BOOKMARK [3][-]{subsubsection.2.3.1}{\376\377\000G\000i\036\333\000i\000\040\000t\000h\000i\036\307\000u\000\040\000c\000h\000u\000n\000g}{subsection.2.3}% 15
\BOOKMARK [3][-]{subsubsection.2.3.2}{\376\377\000C\001\241\000\040\000s\036\337\000\040\000t\000o\000\341\000n\000\040\000h\036\315\000c}{subsection.2.3}% 16
\BOOKMARK [3][-]{subsubsection.2.3.3}{\376\377\000C\000\341\000c\000h\000\040\000h\000o\036\241\000t\000\040\001\021\036\331\000n\000g\000\040\000c\036\347\000a\000\040\000t\000h\000u\036\255\000t\000\040\000t\000o\000\341\000n}{subsection.2.3}% 17
\BOOKMARK [2][-]{subsection.2.4}{\376\377\000B\000r\000e\000a\000d\000t\000h\000-\000F\000i\000r\000s\000t\000\040\000S\000e\000a\000r\000c\000h\000\040\000\050\000B\000F\000S\000\051}{section.2}% 18
\BOOKMARK [3][-]{subsubsection.2.4.1}{\376\377\000G\000i\036\333\000i\000\040\000t\000h\000i\036\307\000u\000\040\000c\000h\000u\000n\000g}{subsection.2.4}% 19
\BOOKMARK [3][-]{subsubsection.2.4.2}{\376\377\000C\001\241\000\040\000s\036\337\000\040\000t\000o\000\341\000n\000\040\000h\036\315\000c}{subsection.2.4}% 20
\BOOKMARK [3][-]{subsubsection.2.4.3}{\376\377\000C\000\341\000c\000h\000\040\000h\000o\036\241\000t\000\040\001\021\036\331\000n\000g\000\040\000c\036\347\000a\000\040\000t\000h\000u\036\255\000t\000\040\000t\000o\000\341\000n}{subsection.2.4}% 21
\BOOKMARK [2][-]{subsection.2.5}{\376\377\000D\000e\000p\000t\000h\000-\000F\000i\000r\000s\000t\000\040\000S\000e\000a\000r\000c\000h\000\040\000\050\000D\000F\000S\000\051}{section.2}% 22
\BOOKMARK [3][-]{subsubsection.2.5.1}{\376\377\000G\000i\036\333\000i\000\040\000t\000h\000i\036\307\000u\000\040\000c\000h\000u\000n\000g}{subsection.2.5}% 23
\BOOKMARK [3][-]{subsubsection.2.5.2}{\376\377\000C\001\241\000\040\000s\036\337\000\040\000t\000o\000\341\000n\000\040\000h\036\315\000c}{subsection.2.5}% 24
\BOOKMARK [3][-]{subsubsection.2.5.3}{\376\377\000C\000\341\000c\000h\000\040\000h\000o\036\241\000t\000\040\001\021\036\331\000n\000g\000\040\000c\036\347\000a\000\040\000t\000h\000u\036\255\000t\000\040\000t\000o\000\341\000n}{subsection.2.5}% 25
\BOOKMARK [2][-]{subsection.2.6}{\376\377\000A\000*\000\040\000S\000e\000a\000r\000c\000h}{section.2}% 26
\BOOKMARK [3][-]{subsubsection.2.6.1}{\376\377\000G\000i\036\333\000i\000\040\000t\000h\000i\036\307\000u\000\040\000c\000h\000u\000n\000g}{subsection.2.6}% 27
\BOOKMARK [3][-]{subsubsection.2.6.2}{\376\377\000C\001\241\000\040\000s\036\337\000\040\000t\000o\000\341\000n\000\040\000h\036\315\000c}{subsection.2.6}% 28
\BOOKMARK [3][-]{subsubsection.2.6.3}{\376\377\000C\000\341\000c\000h\000\040\000h\000o\036\241\000t\000\040\001\021\036\331\000n\000g\000\040\000c\036\347\000a\000\040\000t\000h\000u\036\255\000t\000\040\000t\000o\000\341\000n}{subsection.2.6}% 29
\BOOKMARK [1][-]{section.3}{\376\377\000C\000\341\000c\000\040\000b\000\340\000i\000\040\000t\000o\000\341\000n\000\040\000s\036\355\000\040\000d\036\345\000n\000g\000\040\001\021\036\303\000\040\001\021\000\341\000n\000h\000\040\000g\000i\000\341}{}% 30
\BOOKMARK [2][-]{subsection.3.1}{\376\377\000C\000\341\000c\000\040\000b\000\340\000i\000\040\000t\000o\000\341\000n\000\040\000r\036\335\000i\000\040\000r\036\241\000c}{section.3}% 31
\BOOKMARK [3][-]{subsubsection.3.1.1}{\376\377\000T\000h\000e\000\040\000t\000r\000a\000v\000e\000l\000l\000i\000n\000g\000\040\000s\000a\000l\000e\000s\000m\000a\000n\000\040\000p\000r\000o\000b\000l\000e\000m}{subsection.3.1}% 32
\BOOKMARK [3][-]{subsubsection.3.1.2}{\376\377\000K\000n\000a\000p\000s\000a\000c\000k\000\040\000P\000r\000o\000b\000l\000e\000m\000\040\000\050\000K\000P\000\051}{subsection.3.1}% 33
\BOOKMARK [3][-]{subsubsection.3.1.3}{\376\377\000G\000r\000a\000p\000h\000\040\000C\000o\000l\000o\000r\000i\000n\000g\000\040\000\050\000G\000C\000\051}{subsection.3.1}% 34
\BOOKMARK [2][-]{subsection.3.2}{\376\377\000C\000\341\000c\000\040\000b\000\340\000i\000\040\000t\000o\000\341\000n\000\040\000l\000i\000\352\000n\000\040\000t\036\345\000c}{section.3}% 35
\BOOKMARK [3][-]{subsubsection.3.2.1}{\376\377\000S\000p\000h\000e\000r\000e\000\040\000f\000u\000n\000c\000t\000i\000o\000n}{subsection.3.2}% 36
\BOOKMARK [3][-]{subsubsection.3.2.2}{\376\377\000R\000o\000s\000e\000n\000b\000r\000o\000c\000k\000\040\000f\000u\000n\000c\000t\000i\000o\000n}{subsection.3.2}% 37
\BOOKMARK [3][-]{subsubsection.3.2.3}{\376\377\000R\000a\000s\000t\000r\000i\000g\000i\000n\000\040\000f\000u\000n\000c\000t\000i\000o\000n}{subsection.3.2}% 38
\BOOKMARK [3][-]{subsubsection.3.2.4}{\376\377\000A\000c\000k\000l\000e\000y\000\040\000f\000u\000n\000c\000t\000i\000o\000n}{subsection.3.2}% 39
\BOOKMARK [1][-]{section.4}{\376\377\000A\000n\000t\000\040\000C\000o\000l\000o\000n\000y\000\040\000O\000p\000t\000i\000m\000i\000z\000a\000t\000i\000o\000n}{}% 40
\BOOKMARK [2][-]{subsection.4.1}{\376\377\000G\000i\036\333\000i\000\040\000t\000h\000i\036\307\000u\000\040\000t\000h\000u\036\255\000t\000\040\000t\000o\000\341\000n}{section.4}% 41
\BOOKMARK [3][-]{subsubsection.4.1.1}{\376\377\000\335\000\040\000t\001\260\036\337\000n\000g\000\040\000t\000h\000u\036\255\000t\000\040\000t\000o\000\341\000n}{subsection.4.1}% 42
\BOOKMARK [3][-]{subsubsection.4.1.2}{\376\377\000L\036\313\000c\000h\000\040\000s\036\355\000\040\000t\000h\000u\036\255\000t\000\040\000t\000o\000\341\000n}{subsection.4.1}% 43
\BOOKMARK [3][-]{subsubsection.4.1.3}{\376\377\000N\000h\036\357\000n\000g\000\040\036\351\000n\000g\000\040\000d\036\345\000n\000g}{subsection.4.1}% 44
\BOOKMARK [2][-]{subsection.4.2}{\376\377\000C\001\241\000\040\000s\036\337\000\040\000t\000o\000\341\000n\000\040\000h\036\315\000c}{section.4}% 45
\BOOKMARK [3][-]{subsubsection.4.2.1}{\376\377\000Q\000u\000y\000\040\000t\036\257\000c\000\040\000L\036\361\000a\000\040\000c\000h\036\315\000n\000\040\001\020\001\260\036\335\000n\000g\000\040\001\021\000i\000\040\000\050\000X\000\342\000y\000\040\000d\036\361\000n\000g\000\040\000G\000i\036\243\000i\000\040\000p\000h\000\341\000p\000\051}{subsection.4.2}% 46
\BOOKMARK [3][-]{subsubsection.4.2.2}{\376\377\000Q\000u\000y\000\040\000t\036\257\000c\000\040\000C\036\255\000p\000\040\000n\000h\036\255\000t\000\040\000P\000h\000e\000r\000o\000m\000o\000n\000e\000\040\000\050\000H\036\315\000c\000\040\000t\036\255\000p\000\051}{subsection.4.2}% 47
\BOOKMARK [2][-]{subsection.4.3}{\376\377\000T\000r\000i\036\303\000n\000\040\000k\000h\000a\000i\000\040\000t\000h\000u\036\255\000t\000\040\000t\000o\000\341\000n}{section.4}% 48
\BOOKMARK [3][-]{subsubsection.4.3.1}{\376\377\000C\000\341\000c\000h\000\040\000h\000o\036\241\000t\000\040\001\021\036\331\000n\000g\000\040\000c\036\347\000a\000\040\000t\000h\000u\036\255\000t\000\040\000t\000o\000\341\000n}{subsection.4.3}% 49
\BOOKMARK [3][-]{subsubsection.4.3.2}{\376\377\000T\000r\000i\036\303\000n\000\040\000k\000h\000a\000i\000\040\000k\036\371\000\040\000t\000h\000u\036\255\000t}{subsection.4.3}% 50
\BOOKMARK [1][-]{section.5}{\376\377\000P\000a\000r\000t\000i\000c\000l\000e\000\040\000s\000w\000a\000r\000m\000\040\000o\000p\000t\000i\000m\000i\000z\000a\000t\000i\000o\000n}{}% 51
\BOOKMARK [2][-]{subsection.5.1}{\376\377\000G\000i\036\333\000i\000\040\000t\000h\000i\036\307\000u\000\040\000t\000h\000u\036\255\000t\000\040\000t\000o\000\341\000n}{section.5}% 52
\BOOKMARK [3][-]{subsubsection.5.1.1}{\376\377\000\335\000\040\000t\001\260\036\337\000n\000g\000\040\000t\000h\000u\036\255\000t\000\040\000t\000o\000\341\000n}{subsection.5.1}% 53
\BOOKMARK [3][-]{subsubsection.5.1.2}{\376\377\000L\036\313\000c\000h\000\040\000s\036\355\000\040\000t\000h\000u\036\255\000t\000\040\000t\000o\000\341\000n}{subsection.5.1}% 54
\BOOKMARK [3][-]{subsubsection.5.1.3}{\376\377\000N\000h\036\357\000n\000g\000\040\036\351\000n\000g\000\040\000d\036\345\000n\000g}{subsection.5.1}% 55
\BOOKMARK [2][-]{subsection.5.2}{\376\377\000C\001\241\000\040\000s\036\337\000\040\000t\000o\000\341\000n\000\040\000h\036\315\000c\000\040\000c\036\347\000a\000\040\000t\000h\000u\036\255\000t\000\040\000t\000o\000\341\000n}{section.5}% 56
\BOOKMARK [3][-]{subsubsection.5.2.1}{\376\377\000P\000h\001\260\001\241\000n\000g\000\040\000t\000r\000\354\000n\000h\000\040\000C\036\255\000p\000\040\000n\000h\036\255\000t\000\040\000V\036\255\000n\000\040\000t\036\321\000c\000\040\000\050\000V\000e\000l\000o\000c\000i\000t\000y\000\040\000U\000p\000d\000a\000t\000e\000\051}{subsection.5.2}% 57
\BOOKMARK [3][-]{subsubsection.5.2.2}{\376\377\000P\000h\001\260\001\241\000n\000g\000\040\000t\000r\000\354\000n\000h\000\040\000C\036\255\000p\000\040\000n\000h\036\255\000t\000\040\000V\036\313\000\040\000t\000r\000\355\000\040\000\050\000P\000o\000s\000i\000t\000i\000o\000n\000\040\000U\000p\000d\000a\000t\000e\000\051}{subsection.5.2}% 58
\BOOKMARK [2][-]{subsection.5.3}{\376\377\000T\000r\000i\036\303\000n\000\040\000k\000h\000a\000i\000\040\000t\000h\000u\036\255\000t\000\040\000t\000o\000\341\000n}{section.5}% 59
\BOOKMARK [3][-]{subsubsection.5.3.1}{\376\377\000C\000\341\000c\000h\000\040\000h\000o\036\241\000t\000\040\001\021\036\331\000n\000g\000\040\000c\036\347\000a\000\040\000t\000h\000u\036\255\000t\000\040\000t\000o\000\341\000n}{subsection.5.3}% 60
\BOOKMARK [3][-]{subsubsection.5.3.2}{\376\377\000T\000r\000i\036\303\000n\000\040\000k\000h\000a\000i\000\040\000k\036\371\000\040\000t\000h\000u\036\255\000t}{subsection.5.3}% 61
\BOOKMARK [1][-]{section.6}{\376\377\000A\000r\000t\000i\000f\000i\000c\000i\000a\000l\000\040\000B\000e\000e\000\040\000C\000o\000l\000o\000n\000y}{}% 62
\BOOKMARK [2][-]{subsection.6.1}{\376\377\000G\000i\036\333\000i\000\040\000t\000h\000i\036\307\000u\000\040\000t\000h\000u\036\255\000t\000\040\000t\000o\000\341\000n}{section.6}% 63
\BOOKMARK [2][-]{subsection.6.2}{\376\377\000\335\000\040\000t\001\260\036\337\000n\000g\000\040\000t\000h\000u\036\255\000t\000\040\000t\000o\000\341\000n\000\040\000v\000\340\000\040\000n\000g\000u\000y\000\352\000n\000\040\000l\000\375\000\040\000h\000o\036\241\000t\000\040\001\021\036\331\000n\000g}{section.6}% 64
\BOOKMARK [2][-]{subsection.6.3}{\376\377\000G\000i\036\243\000i\000\040\000t\000h\000\355\000c\000h\000\040\000c\001\241\000\040\000c\000h\036\277\000\040\000h\000o\036\241\000t\000\040\001\021\036\331\000n\000g\000\040\000b\036\261\000n\000g\000\040\000c\000\364\000n\000g\000\040\000c\036\345\000\040\000t\000o\000\341\000n\000\040\000h\036\315\000c}{section.6}% 65
\BOOKMARK [3][-]{subsubsection.6.3.1}{\376\377\000K\000\375\000\040\000h\000i\036\307\000u\000\040\000v\000\340\000\040\000c\000\341\000c\000\040\000t\000h\000a\000m\000\040\000s\036\321\000\040\000c\000h\000\355\000n\000h}{subsection.6.3}% 66
\BOOKMARK [3][-]{subsubsection.6.3.2}{\376\377\000N\000g\000u\000y\000\352\000n\000\040\000l\000\375}{subsection.6.3}% 67
\BOOKMARK [3][-]{subsubsection.6.3.3}{\376\377\000M\000\343\000\040\000g\000i\036\243\000\040\000\050\000P\000s\000e\000u\000d\000o\000-\000c\000o\000d\000e\000\051\000\040\000t\000h\000u\036\255\000t\000\040\000t\000o\000\341\000n\000\040\000A\000B\000C}{subsection.6.3}% 68
\BOOKMARK [1][-]{section.7}{\376\377\000F\000i\000r\000e\000f\000l\000y\000\040\000A\000l\000g\000o\000r\000i\000t\000h\000m}{}% 69
\BOOKMARK [2][-]{subsection.7.1}{\376\377\000G\000i\036\333\000i\000\040\000t\000h\000i\036\307\000u}{section.7}% 70
\BOOKMARK [3][-]{subsubsection.7.1.1}{\376\377\000\335\000\040\000t\001\260\036\337\000n\000g\000\040\000c\036\321\000t\000\040\000l\000\365\000i}{subsection.7.1}% 71
\BOOKMARK [3][-]{subsubsection.7.1.2}{\376\377\000L\036\313\000c\000h\000\040\000s\036\355\000\040\000n\000g\036\257\000n\000\040\000g\036\315\000n}{subsection.7.1}% 72
\BOOKMARK [3][-]{subsubsection.7.1.3}{\376\377\036\350\000n\000g\000\040\000d\036\345\000n\000g\000\040\000t\000i\000\352\000u\000\040\000b\000i\036\303\000u}{subsection.7.1}% 73
\BOOKMARK [2][-]{subsection.7.2}{\376\377\000C\001\241\000\040\000s\036\337\000\040\000t\000o\000\341\000n\000\040\000h\036\315\000c\000\040\000c\036\347\000a\000\040\000t\000h\000u\036\255\000t\000\040\000t\000o\000\341\000n}{section.7}% 74
\BOOKMARK [2][-]{subsection.7.3}{\376\377\000C\000h\000i\000\040\000t\000i\036\277\000t\000\040\000t\000r\000i\036\303\000n\000\040\000k\000h\000a\000i\000\040\000t\000h\000u\036\255\000t\000\040\000t\000o\000\341\000n\000\040\000\050\000M\000\343\000\040\000g\000i\036\243\000\051}{section.7}% 75
\BOOKMARK [2][-]{subsection.7.4}{\376\377\000T\000h\000u\036\255\000t\000\040\000t\000o\000\341\000n\000\040\000d\000\371\000n\000g\000\040\001\021\036\303\000\040\000s\000o\000\040\000s\000\341\000n\000h}{section.7}% 76
\BOOKMARK [1][-]{section.8}{\376\377\000C\000u\000c\000k\000o\000o\000\040\000S\000e\000a\000r\000c\000h}{}% 77
\BOOKMARK [2][-]{subsection.8.1}{\376\377\000G\000i\036\333\000i\000\040\000t\000h\000i\036\307\000u\000\040\000t\000h\000u\036\255\000t\000\040\000t\000o\000\341\000n}{section.8}% 78
\BOOKMARK [2][-]{subsection.8.2}{\376\377\000\335\000\040\000t\001\260\036\337\000n\000g\000\040\000t\000h\000u\036\255\000t\000\040\000t\000o\000\341\000n}{section.8}% 79
\BOOKMARK [2][-]{subsection.8.3}{\376\377\000C\001\241\000\040\000s\036\337\000\040\000t\000o\000\341\000n\000\040\000h\036\315\000c\000\040\000c\036\347\000a\000\040\000t\000h\000u\036\255\000t\000\040\000t\000o\000\341\000n}{section.8}% 80
\BOOKMARK [2][-]{subsection.8.4}{\376\377\000T\000r\000i\036\303\000n\000\040\000k\000h\000a\000i\000\040\000t\000h\000u\036\255\000t\000\040\000t\000o\000\341\000n}{section.8}% 81
\BOOKMARK [3][-]{subsubsection.8.4.1}{\376\377\000C\000\341\000c\000h\000\040\000h\000o\036\241\000t\000\040\001\021\036\331\000n\000g\000\040\000c\036\347\000a\000\040\000t\000h\000u\036\255\000t\000\040\000t\000o\000\341\000n}{subsection.8.4}% 82
\BOOKMARK [3][-]{subsubsection.8.4.2}{\376\377\000M\000\343\000\040\000g\000i\036\243\000\040}{subsection.8.4}% 83
\BOOKMARK [1][-]{section.9}{\376\377\000T\000h\000i\036\277\000t\000\040\000l\036\255\000p\000\040\000c\000\341\000c\000\040\000b\000\340\000i\000\040\000t\000o\000\341\000n\000\040\001\021\000\341\000n\000h\000\040\000g\000i\000\341}{}% 84
\BOOKMARK [2][-]{subsection.9.1}{\376\377\000A\000C\000O}{section.9}% 85
\BOOKMARK [2][-]{subsection.9.2}{\376\377\000P\000S\000O}{section.9}% 86
\BOOKMARK [2][-]{subsection.9.3}{\376\377\000A\000B\000C}{section.9}% 87
\BOOKMARK [2][-]{subsection.9.4}{\376\377\000F\000i\000r\000e\000f\000l\000y\000\040\000A\000l\000g\000o\000r\000i\000t\000h\000m}{section.9}% 88
\BOOKMARK [2][-]{subsection.9.5}{\376\377\000C\000u\000c\000k\000o\000o\000\040\000S\000e\000a\000r\000c\000h}{section.9}% 89
\BOOKMARK [1][-]{section.10}{\376\377\000P\000h\000\342\000n\000\040\000t\000\355\000c\000h\000\040\000k\036\277\000t\000\040\000q\000u\036\243\000\040\000b\000\340\000i\000\040\000t\000o\000\341\000n}{}% 90
\BOOKMARK [2][-]{subsection.10.1}{\376\377\000F\000i\000r\000e\000f\000l\000y\000\040\000A\000l\000g\000o\000r\000i\000t\000h\000m}{section.10}% 91
\BOOKMARK [3][-]{subsubsection.10.1.1}{\376\377\000R\000a\000s\000t\000r\000i\000g\000i\000n\000:\000\040\000m\036\351\000c\000\040\001\021\036\331\000\040\000t\000i\036\307\000m\000\040\000c\036\255\000n\000\040\000n\000g\000h\000i\036\307\000m\000\040\000t\036\321\000i\000\040\001\260\000u\000\040\000v\000\340\000\040\001\021\036\267\000c\000\040\000t\000r\001\260\000n\000g\000\040\000h\036\331\000i\000\040\000t\036\345}{subsection.10.1}% 92
\BOOKMARK [3][-]{subsubsection.10.1.2}{\376\377\000R\000a\000s\000t\000r\000i\000g\000i\000n\000:\000\040\001\021\000a\000\040\000d\036\241\000n\000g\000\040\000q\000u\036\247\000n\000\040\000t\000h\036\303\000\040\000v\000\340\000\040\000h\000i\036\307\000n\000\040\000t\001\260\036\343\000n\000g\000\040\000d\036\353\000n\000g\000\040\000s\036\333\000m\000\040\000\050\000s\000t\000a\000g\000n\000a\000t\000i\000o\000n\000\051}{subsection.10.1}% 93
\BOOKMARK [3][-]{subsubsection.10.1.3}{\376\377\000K\000n\000a\000p\000s\000a\000c\000k\000:\000\040\000h\000i\036\307\000u\000\040\000n\001\003\000n\000g\000\040\000f\000i\000x\000e\000d\000-\000b\000u\000d\000g\000e\000t\000\040\000\050\000g\000a\000p\000\040\000t\036\333\000i\000\040\000n\000g\000h\000i\036\307\000m\000\040\000t\036\321\000i\000\040\001\260\000u\000\051}{subsection.10.1}% 94
\BOOKMARK [3][-]{subsubsection.10.1.4}{\376\377\000K\000n\000a\000p\000s\000a\000c\000k\000:\000\040\000p\000e\000r\000f\000o\000r\000m\000a\000n\000c\000e\000/\000d\000a\000t\000a\000\040\000p\000r\000o\000f\000i\000l\000e\000s\000\040\000v\000\340\000\040\000s\000o\000\040\000s\000\341\000n\000h\000\040\000t\000h\036\321\000n\000g\000\040\000k\000\352}{subsection.10.1}% 95
\BOOKMARK [3][-]{subsubsection.10.1.5}{\376\377\000T\000h\036\243\000o\000\040\000l\000u\036\255\000n\000\040\000v\000\340\000\040\000k\036\277\000t\000\040\000l\000u\036\255\000n}{subsection.10.1}% 96
\BOOKMARK [1][-]{section.11}{\376\377\000K\036\277\000t\000\040\000l\000u\036\255\000n\000\040\000c\000h\000u\000n\000g}{}% 97
\BOOKMARK [1][-]{section.12}{\376\377\000K\036\277\000t\000\040\000l\000u\036\255\000n\000\040\000c\000h\000u\000n\000g}{}% 98
\BOOKMARK [1][-]{section.12}{\376\377\000P\000h\000\342\000n\000\040\000c\000\364\000n\000g\000\040\000c\000\364\000n\000g\000\040\000v\000i\036\307\000c}{}% 99
\BOOKMARK [1][-]{section.12}{\376\377\000P\000h\036\345\000\040\000l\036\345\000c}{}% 100
